#
# There is insufficient memory for the Java Runtime Environment to continue.
# Native memory allocation (mmap) failed to map 4096000 bytes for G1 virtual space
# Possible reasons:
#   The system is out of physical RAM or swap space
#   The process is running with CompressedOops enabled, and the Java Heap may be blocking the growth of the native heap
# Possible solutions:
#   Reduce memory load on the system
#   Increase physical memory or swap space
#   Check if swap backing store is full
#   Decrease Java heap size (-Xmx/-Xms)
#   Decrease number of Java threads
#   Decrease Java thread stack sizes (-Xss)
#   Set larger code cache with -XX:ReservedCodeCacheSize=
#   JVM is running with Zero Based Compressed Oops mode in which the Java heap is
#     placed in the first 32GB address space. The Java Heap base address is the
#     maximum limit for the native heap growth. Please use -XX:HeapBaseMinAddress
#     to set the Java Heap base and to place the Java Heap above 32GB virtual address.
# This output file may be truncated or incomplete.
#
#  Out of Memory Error (os_windows.cpp:3550), pid=6232, tid=20196
#
# JRE version:  (17.0.6+9) (build )
# Java VM: Java HotSpot(TM) 64-Bit Server VM (17.0.6+9-LTS-190, mixed mode, emulated-client, sharing, tiered, compressed oops, compressed class ptrs, g1 gc, windows-amd64)
# No core dump will be written. Minidumps are not enabled by default on client versions of Windows
#

---------------  S U M M A R Y ------------

Command Line: -XX:TieredStopAtLevel=1 -Dspring.output.ansi.enabled=always -Dcom.sun.management.jmxremote -Dspring.jmx.enabled=true -Dspring.liveBeansView.mbeanDomain -Dspring.application.admin.enabled=true -Dmanagement.endpoints.jmx.exposure.include=* -javaagent:D:\java\Intellij\IntelliJ IDEA 2023.3.4\lib\idea_rt.jar=55273:D:\java\Intellij\IntelliJ IDEA 2023.3.4\bin -Dfile.encoding=UTF-8 com.bebestydemo.rspractice.RspracticeApplication

Host: 12th Gen Intel(R) Core(TM) i7-1260P, 16 cores, 15G,  Windows 11 , 64 bit Build 22621 (10.0.22621.3235)
Time: Thu Mar  7 18:01:08 2024 Central Standard Time elapsed time: 0.010202 seconds (0d 0h 0m 0s)

---------------  T H R E A D  ---------------

Current thread (0x000001f91711a7c0):  JavaThread "Unknown thread" [_thread_in_vm, id=20196, stack(0x00000095dcc00000,0x00000095dcd00000)]

Stack: [0x00000095dcc00000,0x00000095dcd00000]
Native frames: (J=compiled Java code, j=interpreted, Vv=VM code, C=native code)
V  [jvm.dll+0x6734ea]
V  [jvm.dll+0x7d18f4]
V  [jvm.dll+0x7d309e]
V  [jvm.dll+0x7d3703]
V  [jvm.dll+0x2433c5]
V  [jvm.dll+0x6703f9]
V  [jvm.dll+0x664d32]
V  [jvm.dll+0x300086]
V  [jvm.dll+0x307606]
V  [jvm.dll+0x356c33]
V  [jvm.dll+0x356e4f]
V  [jvm.dll+0x2d72e8]
V  [jvm.dll+0x2d8254]
V  [jvm.dll+0x7a33b1]
V  [jvm.dll+0x3647f1]
V  [jvm.dll+0x782839]
V  [jvm.dll+0x3e757f]
V  [jvm.dll+0x3e9001]
C  [jli.dll+0x5297]
C  [ucrtbase.dll+0x29363]
C  [KERNEL32.DLL+0x1257d]
C  [ntdll.dll+0x5aa58]


---------------  P R O C E S S  ---------------

Threads class SMR info:
_java_thread_list=0x00007ffd15b3e958, length=0, elements={
}

Java Threads: ( => current thread )

Other Threads:
  0x000001f917185950 GCTaskThread "GC Thread#0" [stack: 0x00000095dcd00000,0x00000095dce00000] [id=7904]
  0x000001f917192550 ConcurrentGCThread "G1 Main Marker" [stack: 0x00000095dce00000,0x00000095dcf00000] [id=5096]
  0x000001f92b542010 ConcurrentGCThread "G1 Conc#0" [stack: 0x00000095dcf00000,0x00000095dd000000] [id=2340]

[error occurred during error reporting (printing all threads), id 0xc0000005, EXCEPTION_ACCESS_VIOLATION (0xc0000005) at pc=0x00007ffd15377f07]

VM state: not at safepoint (not fully initialized)

VM Mutex/Monitor currently owned by a thread:  ([mutex/lock_event])
[0x000001f917115910] Heap_lock - owner thread: 0x000001f91711a7c0

Heap address: 0x0000000706000000, size: 4000 MB, Compressed Oops mode: Zero based, Oop shift amount: 3

CDS archive(s) mapped at: [0x0000000000000000-0x0000000000000000-0x0000000000000000), size 0, SharedBaseAddress: 0x0000000800000000, ArchiveRelocationMode: 0.
Narrow klass base: 0x0000000000000000, Narrow klass shift: 0, Narrow klass range: 0x0

GC Precious Log:
<Empty>

Heap:
 garbage-first heap   total 0K, used 0K [0x0000000706000000, 0x0000000800000000)
  region size 2048K, 0 young (0K), 0 survivors (0K)

[error occurred during error reporting (printing heap information), id 0xc0000005, EXCEPTION_ACCESS_VIOLATION (0xc0000005) at pc=0x00007ffd1575c759]

GC Heap History (0 events):
No events

Deoptimization events (0 events):
No events

Classes unloaded (0 events):
No events

Classes redefined (0 events):
No events

Internal exceptions (0 events):
No events

VM Operations (0 events):
No events

Events (1 events):
Event: 0.007 Loaded shared library C:\Program Files\Java\jdk-17\bin\java.dll


Dynamic libraries:
0x00007ff67d860000 - 0x00007ff67d870000 	C:\Program Files\Java\jdk-17\bin\java.exe
0x00007ffd6bc90000 - 0x00007ffd6bea6000 	C:\WINDOWS\SYSTEM32\ntdll.dll
0x00007ffd69d50000 - 0x00007ffd69e14000 	C:\WINDOWS\System32\KERNEL32.DLL
0x00007ffd69330000 - 0x00007ffd696d6000 	C:\WINDOWS\System32\KERNELBASE.dll
0x00000000743e0000 - 0x0000000074712000 	C:\Program Files\Norton Security\NortonData\22.22.11.12\Definitions\IPSDefs\20240306.064\IPSEng64.dll
0x00007ffd6b0b0000 - 0x00007ffd6b162000 	C:\WINDOWS\System32\ADVAPI32.dll
0x00007ffd69ca0000 - 0x00007ffd69d47000 	C:\WINDOWS\System32\msvcrt.dll
0x00007ffd6a460000 - 0x00007ffd6a508000 	C:\WINDOWS\System32\sechost.dll
0x00007ffd68fd0000 - 0x00007ffd68ff8000 	C:\WINDOWS\System32\bcrypt.dll
0x00007ffd6bb30000 - 0x00007ffd6bc45000 	C:\WINDOWS\System32\RPCRT4.dll
0x00007ffd6a680000 - 0x00007ffd6a688000 	C:\WINDOWS\System32\PSAPI.DLL
0x00007ffd696e0000 - 0x00007ffd697f1000 	C:\WINDOWS\System32\ucrtbase.dll
0x00007ffd5d060000 - 0x00007ffd5d078000 	C:\Program Files\Java\jdk-17\bin\jli.dll
0x00007ffd6af00000 - 0x00007ffd6b0ad000 	C:\WINDOWS\System32\USER32.dll
0x00007ffd5b410000 - 0x00007ffd5b42b000 	C:\Program Files\Java\jdk-17\bin\VCRUNTIME140.dll
0x00007ffd69280000 - 0x00007ffd692a6000 	C:\WINDOWS\System32\win32u.dll
0x00007ffd6aec0000 - 0x00007ffd6aee9000 	C:\WINDOWS\System32\GDI32.dll
0x00007ffd69000000 - 0x00007ffd69118000 	C:\WINDOWS\System32\gdi32full.dll
0x00007ffd691e0000 - 0x00007ffd6927a000 	C:\WINDOWS\System32\msvcp_win.dll
0x00007ffd4d730000 - 0x00007ffd4d9c3000 	C:\WINDOWS\WinSxS\amd64_microsoft.windows.common-controls_6595b64144ccf1df_6.0.22621.3235_none_270f74e173860f98\COMCTL32.dll
0x00007ffd5d980000 - 0x00007ffd5d98a000 	C:\WINDOWS\SYSTEM32\VERSION.dll
0x00007ffd6a7c0000 - 0x00007ffd6a7f1000 	C:\WINDOWS\System32\IMM32.DLL
0x00007ffd611b0000 - 0x00007ffd611bc000 	C:\Program Files\Java\jdk-17\bin\vcruntime140_1.dll
0x00007ffd490a0000 - 0x00007ffd4912e000 	C:\Program Files\Java\jdk-17\bin\msvcp140.dll
0x00007ffd15090000 - 0x00007ffd15c67000 	C:\Program Files\Java\jdk-17\bin\server\jvm.dll
0x00007ffd5fad0000 - 0x00007ffd5fb04000 	C:\WINDOWS\SYSTEM32\WINMM.dll
0x00007ffd3b9a0000 - 0x00007ffd3b9a9000 	C:\WINDOWS\SYSTEM32\WSOCK32.dll
0x00007ffd6a600000 - 0x00007ffd6a671000 	C:\WINDOWS\System32\WS2_32.dll
0x00007ffd680c0000 - 0x00007ffd680d8000 	C:\WINDOWS\SYSTEM32\kernel.appcore.dll
0x00007ffd5da50000 - 0x00007ffd5da5a000 	C:\Program Files\Java\jdk-17\bin\jimage.dll
0x00007ffd66820000 - 0x00007ffd66a53000 	C:\WINDOWS\SYSTEM32\DBGHELP.DLL
0x00007ffd6aa10000 - 0x00007ffd6ad98000 	C:\WINDOWS\System32\combase.dll
0x00007ffd6a6e0000 - 0x00007ffd6a7b7000 	C:\WINDOWS\System32\OLEAUT32.dll
0x00007ffd5e650000 - 0x00007ffd5e682000 	C:\WINDOWS\SYSTEM32\dbgcore.DLL
0x00007ffd692b0000 - 0x00007ffd6932a000 	C:\WINDOWS\System32\bcryptPrimitives.dll
0x00007ffd5f950000 - 0x00007ffd5f95e000 	C:\Program Files\Java\jdk-17\bin\instrument.dll
0x00007ffd4d390000 - 0x00007ffd4d3b5000 	C:\Program Files\Java\jdk-17\bin\java.dll

dbghelp: loaded successfully - version: 4.0.5 - missing functions: none
symbol engine: initialized successfully - sym options: 0x614 - pdb path: .;C:\Program Files\Java\jdk-17\bin;C:\WINDOWS\SYSTEM32;C:\Program Files\Norton Security\NortonData\22.22.11.12\Definitions\IPSDefs\20240306.064;C:\WINDOWS\WinSxS\amd64_microsoft.windows.common-controls_6595b64144ccf1df_6.0.22621.3235_none_270f74e173860f98;C:\Program Files\Java\jdk-17\bin\server

VM Arguments:
jvm_args: -XX:TieredStopAtLevel=1 -Dspring.output.ansi.enabled=always -Dcom.sun.management.jmxremote -Dspring.jmx.enabled=true -Dspring.liveBeansView.mbeanDomain -Dspring.application.admin.enabled=true -Dmanagement.endpoints.jmx.exposure.include=* -javaagent:D:\java\Intellij\IntelliJ IDEA 2023.3.4\lib\idea_rt.jar=55273:D:\java\Intellij\IntelliJ IDEA 2023.3.4\bin -Dfile.encoding=UTF-8 
java_command: com.bebestydemo.rspractice.RspracticeApplication
java_class_path (initial): D:\java\intellijprojects\Maven\rspractice\target\classes;C:\Users\sride\.m2\repository\org\springframework\boot\spring-boot-starter-web\3.2.3\spring-boot-starter-web-3.2.3.jar;C:\Users\sride\.m2\repository\org\springframework\boot\spring-boot-starter\3.2.3\spring-boot-starter-3.2.3.jar;C:\Users\sride\.m2\repository\org\springframework\boot\spring-boot\3.2.3\spring-boot-3.2.3.jar;C:\Users\sride\.m2\repository\org\springframework\boot\spring-boot-autoconfigure\3.2.3\spring-boot-autoconfigure-3.2.3.jar;C:\Users\sride\.m2\repository\org\springframework\boot\spring-boot-starter-logging\3.2.3\spring-boot-starter-logging-3.2.3.jar;C:\Users\sride\.m2\repository\ch\qos\logback\logback-classic\1.4.14\logback-classic-1.4.14.jar;C:\Users\sride\.m2\repository\ch\qos\logback\logback-core\1.4.14\logback-core-1.4.14.jar;C:\Users\sride\.m2\repository\org\apache\logging\log4j\log4j-to-slf4j\2.21.1\log4j-to-slf4j-2.21.1.jar;C:\Users\sride\.m2\repository\org\apache\logging\log4j\log4j-api\2.21.1\log4j-api-2.21.1.jar;C:\Users\sride\.m2\repository\org\slf4j\jul-to-slf4j\2.0.12\jul-to-slf4j-2.0.12.jar;C:\Users\sride\.m2\repository\jakarta\annotation\jakarta.annotation-api\2.1.1\jakarta.annotation-api-2.1.1.jar;C:\Users\sride\.m2\repository\org\yaml\snakeyaml\2.2\snakeyaml-2.2.jar;C:\Users\sride\.m2\repository\org\springframework\boot\spring-boot-starter-json\3.2.3\spring-boot-starter-json-3.2.3.jar;C:\Users\sride\.m2\repository\com\fasterxml\jackson\core\jackson-databind\2.15.4\jackson-databind-2.15.4.jar;C:\Users\sride\.m2\repository\com\fasterxml\jackson\core\jackson-annotations\2.15.4\jackson-annotations-2.15.4.jar;C:\Users\sride\.m2\repository\com\fasterxml\jackson\core\jackson-core\2.15.4\jackson-core-2.15.4.jar;C:\Users\sride\.m2\repository\com\fasterxml\jackson\datatype\jackson-datatype-jdk8\2.15.4\jackson-datatype-jdk8-2.15.4.jar;C:\Users\sride\.m2\repository\com\fasterxml\jackson\datatype\jackson-datatype-jsr310\2.15.4\jackson-datatype-jsr310-2.15.4.j
Launcher Type: SUN_STANDARD

[Global flags]
     intx CICompilerCount                          = 12                                        {product} {ergonomic}
     uint ConcGCThreads                            = 3                                         {product} {ergonomic}
     uint G1ConcRefinementThreads                  = 13                                        {product} {ergonomic}
   size_t G1HeapRegionSize                         = 2097152                                   {product} {ergonomic}
    uintx GCDrainStackTargetSize                   = 64                                        {product} {ergonomic}
   size_t InitialHeapSize                          = 262144000                                 {product} {ergonomic}
     bool ManagementServer                         = true                                      {product} {command line}
   size_t MarkStackSize                            = 4194304                                   {product} {ergonomic}
   size_t MaxHeapSize                              = 4194304000                                {product} {ergonomic}
   size_t MinHeapDeltaBytes                        = 2097152                                   {product} {ergonomic}
   size_t MinHeapSize                              = 8388608                                   {product} {ergonomic}
    uintx NonProfiledCodeHeapSize                  = 0                                      {pd product} {ergonomic}
     bool ProfileInterpreter                       = false                                  {pd product} {command line}
    uintx ProfiledCodeHeapSize                     = 0                                      {pd product} {ergonomic}
   size_t SoftMaxHeapSize                          = 4194304000                             {manageable} {ergonomic}
     intx TieredStopAtLevel                        = 1                                         {product} {command line}
     bool UseCompressedClassPointers               = true                           {product lp64_product} {ergonomic}
     bool UseCompressedOops                        = true                           {product lp64_product} {ergonomic}
     bool UseG1GC                                  = true                                      {product} {ergonomic}
     bool UseLargePagesIndividualAllocation        = false                                  {pd product} {ergonomic}

Logging:
Log output configuration:
 #0: stdout all=warning uptime,level,tags
 #1: stderr all=off uptime,level,tags

Environment Variables:
PATH=C:\Program Files\Java\jdk-17\bin;C:\Program Files\Common Files\Oracle\Java\javapath;C:\Program Files\Microsoft MPI\Bin\;C:\WINDOWS\system32;C:\WINDOWS;C:\WINDOWS\System32\Wbem;C:\WINDOWS\System32\WindowsPowerShell\v1.0\;C:\WINDOWS\System32\OpenSSH\;C:\Program Files\dotnet\;C:\Program Files\PowerShell\7\;C:\Program Files\Git\cmd;C:\Program Files\MySQL\MySQL Shell 8.0\bin\;C:\Users\sride\AppData\Local\Microsoft\WindowsApps;;C:\Program Files\Azure Data Studio\bin;D:\Softwares\Microsoft VS Code\bin;D:\java\Intellij\IntelliJ IDEA 2023.3.4\bin;
USERNAME=sride
OS=Windows_NT
PROCESSOR_IDENTIFIER=Intel64 Family 6 Model 154 Stepping 3, GenuineIntel



---------------  S Y S T E M  ---------------

OS:
 Windows 11 , 64 bit Build 22621 (10.0.22621.3235)
OS uptime: 0 days 3:36 hours
Hyper-V role detected

CPU: total 16 (initial active 16) (8 cores per cpu, 2 threads per core) family 6 model 154 stepping 3 microcode 0x423, cx8, cmov, fxsr, ht, mmx, 3dnowpref, sse, sse2, sse3, ssse3, sse4.1, sse4.2, popcnt, lzcnt, tsc, tscinvbit, avx, avx2, aes, erms, clmul, bmi1, bmi2, adx, sha, fma, vzeroupper, clflush, clflushopt, clwb, hv

Memory: 4k page, system-wide physical 15996M (3585M free)
TotalPageFile size 15996M (AvailPageFile size 5M)
current process WorkingSet (physical memory assigned to process): 12M, peak: 12M
current process commit charge ("private bytes"): 317M, peak: 320M

vm_info: Java HotSpot(TM) 64-Bit Server VM (17.0.6+9-LTS-190) for windows-amd64 JRE (17.0.6+9-LTS-190), built on Dec  6 2022 15:53:54 by "mach5one" with MS VC++ 17.1 (VS2022)

END.
